<?xml version="1.0" encoding="UTF-8"?>
<!-- Generated by org.testng.reporters.JUnitReportReporter -->
<testsuite hostname="LAPTOP-GLV165CP" failures="0" tests="5" name="MyTestCases" time="14.409" errors="0" timestamp="2025-01-28T15:08:48 EET" skipped="4">
  <testcase classname="MyTestCases" name="MultiplyTwoRandomNumbers" time="14.409"/>
  <system-out/>
  <testcase classname="MyTestCases" name="ClickOnAllItems">
    <skipped/>
  </testcase> <!-- ClickOnAllItems -->
  <system-out/>
  <testcase classname="MyTestCases" name="ClickOnlyOnNumbers">
    <skipped/>
  </testcase> <!-- ClickOnlyOnNumbers -->
  <system-out/>
  <testcase classname="MyTestCases" name="MultiplyTwoNumbers">
    <skipped/>
  </testcase> <!-- MultiplyTwoNumbers -->
  <system-out/>
  <testcase classname="MyTestCases" name="ClickOnlyOnEvenNumbers">
    <skipped/>
  </testcase> <!-- ClickOnlyOnEvenNumbers -->
  <system-out/>
</testsuite> <!-- MyTestCases -->
